[debug] [2021-09-09T17:54:46.494Z] ----------------------------------------------------------------------
[debug] [2021-09-09T17:54:46.498Z] Command:       C:\Program Files\nodejs\node.exe C:\Users\StrangeWings\AppData\Roaming\npm\node_modules\firebase-tools\lib\bin\firebase.js init
[debug] [2021-09-09T17:54:46.498Z] CLI Version:   9.18.0
[debug] [2021-09-09T17:54:46.498Z] Platform:      win32
[debug] [2021-09-09T17:54:46.499Z] Node Version:  v14.17.6
[debug] [2021-09-09T17:54:46.500Z] Time:          Thu Sep 09 2021 20:54:46 GMT+0300 (Eastern European Summer Time)
[debug] [2021-09-09T17:54:46.500Z] ----------------------------------------------------------------------
[debug] 
[debug] [2021-09-09T17:54:46.511Z] > command requires scopes: ["email","openid","https://www.googleapis.com/auth/cloudplatformprojects.readonly","https://www.googleapis.com/auth/firebase","https://www.googleapis.com/auth/cloud-platform"]
[debug] [2021-09-09T17:54:46.511Z] > authorizing via signed-in user (gkoursoumis97@gmail.com)
[info] 
     ######## #### ########  ######## ########     ###     ######  ########
     ##        ##  ##     ## ##       ##     ##  ##   ##  ##       ##
     ######    ##  ########  ######   ########  #########  ######  ######
     ##        ##  ##    ##  ##       ##     ## ##     ##       ## ##
     ##       #### ##     ## ######## ########  ##     ##  ######  ########

You're about to initialize a Firebase project in this directory:

  C:\Users\StrangeWings\Desktop\MyHealthRecords.gr_App

[debug] [2021-09-09T17:56:12.086Z] ----------------------------------------------------------------------
[debug] [2021-09-09T17:56:12.090Z] Command:       C:\Program Files\nodejs\node.exe C:\Users\StrangeWings\AppData\Roaming\npm\node_modules\firebase-tools\lib\bin\firebase.js init
[debug] [2021-09-09T17:56:12.090Z] CLI Version:   9.18.0
[debug] [2021-09-09T17:56:12.090Z] Platform:      win32
[debug] [2021-09-09T17:56:12.090Z] Node Version:  v14.17.6
[debug] [2021-09-09T17:56:12.092Z] Time:          Thu Sep 09 2021 20:56:12 GMT+0300 (Eastern European Summer Time)
[debug] [2021-09-09T17:56:12.092Z] ----------------------------------------------------------------------
[debug] 
[debug] [2021-09-09T17:56:12.103Z] > command requires scopes: ["email","openid","https://www.googleapis.com/auth/cloudplatformprojects.readonly","https://www.googleapis.com/auth/firebase","https://www.googleapis.com/auth/cloud-platform"]
[debug] [2021-09-09T17:56:12.103Z] > authorizing via signed-in user (gkoursoumis97@gmail.com)
[info] 
     ######## #### ########  ######## ########     ###     ######  ########
     ##        ##  ##     ## ##       ##     ##  ##   ##  ##       ##
     ######    ##  ########  ######   ########  #########  ######  ######
     ##        ##  ##    ##  ##       ##     ## ##     ##       ## ##
     ##       #### ##     ## ######## ########  ##     ##  ######  ########

You're about to initialize a Firebase project in this directory:

  C:\Users\StrangeWings\Desktop\MyHealthRecords.gr_App

